[github.com/flipped-aurora/gin-vue-admin/server]2023/03/15 - 20:14:01.187	[31merror[0m	/Users/diode/zhiku/gin-vue-admin/server/core/server.go:48	accept tcp [::]:8888: use of closed network connection
[github.com/flipped-aurora/gin-vue-admin/server]2023/03/15 - 20:39:12.452	[31merror[0m	/Users/diode/zhiku/gin-vue-admin/server/core/server.go:48	accept tcp [::]:8888: use of closed network connection
[github.com/flipped-aurora/gin-vue-admin/server]2023/03/15 - 20:41:42.075	[31merror[0m	/Users/diode/zhiku/gin-vue-admin/server/service/system/sys_autocode_history.go:84	ClearTag DeleteApiByIds:	{"error": "/apiKeySetting/createApiKeySetting:POSTcasbin同步清理失败"}
[github.com/flipped-aurora/gin-vue-admin/server]2023/03/15 - 20:41:42.078	[31merror[0m	/Users/diode/zhiku/gin-vue-admin/server/service/system/sys_autocode_history.go:89	ClearTag DropTable:	{"error": "Error 1051: Unknown table 'zhiku.api_key_setting'"}
[github.com/flipped-aurora/gin-vue-admin/server]2023/03/15 - 20:58:41.621	[31merror[0m	/Users/diode/zhiku/gin-vue-admin/server/core/server.go:48	accept tcp [::]:8888: use of closed network connection
[github.com/flipped-aurora/gin-vue-admin/server]2023/03/15 - 21:02:40.121	[31merror[0m	/Users/diode/zhiku/gin-vue-admin/server/core/server.go:48	accept tcp [::]:8888: use of closed network connection
[github.com/flipped-aurora/gin-vue-admin/server]2023/03/15 - 21:06:44.345	[31merror[0m	/Users/diode/zhiku/gin-vue-admin/server/core/server.go:48	accept tcp [::]:8888: use of closed network connection
[github.com/flipped-aurora/gin-vue-admin/server]2023/03/15 - 21:13:19.736	[31merror[0m	/Users/diode/zhiku/gin-vue-admin/server/core/server.go:48	accept tcp [::]:8888: use of closed network connection
[github.com/flipped-aurora/gin-vue-admin/server]2023/03/15 - 21:15:13.554	[31merror[0m	/Users/diode/zhiku/gin-vue-admin/server/core/server.go:48	accept tcp [::]:8888: use of closed network connection
[github.com/flipped-aurora/gin-vue-admin/server]2023/03/15 - 21:16:16.322	[31merror[0m	/Users/diode/zhiku/gin-vue-admin/server/core/server.go:48	accept tcp [::]:8888: use of closed network connection
[github.com/flipped-aurora/gin-vue-admin/server]2023/03/15 - 21:17:57.433	[31merror[0m	/Users/diode/zhiku/gin-vue-admin/server/core/server.go:48	accept tcp [::]:8888: use of closed network connection
[github.com/flipped-aurora/gin-vue-admin/server]2023/03/15 - 21:19:59.665	[31merror[0m	/Users/diode/zhiku/gin-vue-admin/server/core/server.go:48	accept tcp [::]:8888: use of closed network connection
[github.com/flipped-aurora/gin-vue-admin/server]2023/03/15 - 21:25:10.649	[31merror[0m	/Users/diode/zhiku/gin-vue-admin/server/core/server.go:48	accept tcp [::]:8888: use of closed network connection
[github.com/flipped-aurora/gin-vue-admin/server]2023/03/15 - 21:26:08.693	[31merror[0m	/Users/diode/zhiku/gin-vue-admin/server/core/server.go:48	accept tcp [::]:8888: use of closed network connection
[github.com/flipped-aurora/gin-vue-admin/server]2023/03/15 - 21:27:16.697	[31merror[0m	/Users/diode/zhiku/gin-vue-admin/server/core/server.go:48	accept tcp [::]:8888: use of closed network connection
[github.com/flipped-aurora/gin-vue-admin/server]2023/03/15 - 21:27:25.230	[31merror[0m	/Users/diode/zhiku/gin-vue-admin/server/core/server.go:48	accept tcp [::]:8888: use of closed network connection
[github.com/flipped-aurora/gin-vue-admin/server]2023/03/15 - 21:28:52.135	[31merror[0m	/Users/diode/zhiku/gin-vue-admin/server/core/server.go:48	accept tcp [::]:8888: use of closed network connection
[github.com/flipped-aurora/gin-vue-admin/server]2023/03/15 - 21:29:09.044	[31merror[0m	/Users/diode/zhiku/gin-vue-admin/server/core/server.go:48	accept tcp [::]:8888: use of closed network connection
[github.com/flipped-aurora/gin-vue-admin/server]2023/03/15 - 21:29:34.222	[31merror[0m	/Users/diode/zhiku/gin-vue-admin/server/core/server.go:48	accept tcp [::]:8888: use of closed network connection
[github.com/flipped-aurora/gin-vue-admin/server]2023/03/15 - 21:34:07.598	[31merror[0m	/Users/diode/zhiku/gin-vue-admin/server/core/server.go:48	accept tcp [::]:8888: use of closed network connection
[github.com/flipped-aurora/gin-vue-admin/server]2023/03/15 - 21:37:03.010	[31merror[0m	/Users/diode/zhiku/gin-vue-admin/server/service/system/sys_autocode_history.go:89	ClearTag DropTable:	{"error": "Error 1051: Unknown table 'zhiku.my_knowledge_base'"}
[github.com/flipped-aurora/gin-vue-admin/server]2023/03/15 - 21:38:05.956	[31merror[0m	/Users/diode/zhiku/gin-vue-admin/server/core/server.go:48	accept tcp [::]:8888: use of closed network connection
[github.com/flipped-aurora/gin-vue-admin/server]2023/03/15 - 21:38:26.203	[31merror[0m	/Users/diode/zhiku/gin-vue-admin/server/middleware/jwt.go:22	xixi111
[github.com/flipped-aurora/gin-vue-admin/server]2023/03/15 - 21:38:26.204	[31merror[0m	/Users/diode/zhiku/gin-vue-admin/server/middleware/casbin_rbac.go:18	xixi222
[github.com/flipped-aurora/gin-vue-admin/server]2023/03/15 - 21:38:26.204	[31merror[0m	/Users/diode/zhiku/gin-vue-admin/server/middleware/jwt.go:22	xixi111
[github.com/flipped-aurora/gin-vue-admin/server]2023/03/15 - 21:38:26.204	[31merror[0m	/Users/diode/zhiku/gin-vue-admin/server/middleware/casbin_rbac.go:18	xixi222
[github.com/flipped-aurora/gin-vue-admin/server]2023/03/15 - 21:38:31.567	[31merror[0m	/Users/diode/zhiku/gin-vue-admin/server/api/v1/setting/api_key_setting.go:154	xixi
[github.com/flipped-aurora/gin-vue-admin/server]2023/03/15 - 21:40:28.420	[31merror[0m	/Users/diode/zhiku/gin-vue-admin/server/api/v1/setting/api_key_setting.go:154	xixi
[github.com/flipped-aurora/gin-vue-admin/server]2023/03/15 - 21:40:59.222	[31merror[0m	/Users/diode/zhiku/gin-vue-admin/server/api/v1/setting/api_key_setting.go:154	xixi
[github.com/flipped-aurora/gin-vue-admin/server]2023/03/15 - 21:44:28.149	[31merror[0m	/Users/diode/zhiku/gin-vue-admin/server/api/v1/setting/api_key_setting.go:154	xixi
[github.com/flipped-aurora/gin-vue-admin/server]2023/03/15 - 21:47:53.039	[31merror[0m	/Users/diode/zhiku/gin-vue-admin/server/api/v1/setting/api_key_setting.go:154	xixi
[github.com/flipped-aurora/gin-vue-admin/server]2023/03/15 - 21:48:47.558	[31merror[0m	/Users/diode/zhiku/gin-vue-admin/server/api/v1/setting/api_key_setting.go:154	xixi
[github.com/flipped-aurora/gin-vue-admin/server]2023/03/15 - 21:48:59.425	[31merror[0m	/Users/diode/zhiku/gin-vue-admin/server/api/v1/setting/api_key_setting.go:154	xixi
[github.com/flipped-aurora/gin-vue-admin/server]2023/03/15 - 21:49:05.538	[31merror[0m	/Users/diode/zhiku/gin-vue-admin/server/api/v1/setting/api_key_setting.go:154	xixi
[github.com/flipped-aurora/gin-vue-admin/server]2023/03/15 - 21:49:33.579	[31merror[0m	/Users/diode/zhiku/gin-vue-admin/server/api/v1/setting/api_key_setting.go:154	xixi
[github.com/flipped-aurora/gin-vue-admin/server]2023/03/15 - 21:53:14.573	[31merror[0m	/Users/diode/zhiku/gin-vue-admin/server/api/v1/setting/api_key_setting.go:154	xixi
[github.com/flipped-aurora/gin-vue-admin/server]2023/03/15 - 21:53:19.503	[31merror[0m	/Users/diode/zhiku/gin-vue-admin/server/api/v1/setting/api_key_setting.go:154	xixi
[github.com/flipped-aurora/gin-vue-admin/server]2023/03/15 - 22:00:43.236	[31merror[0m	/Users/diode/zhiku/gin-vue-admin/server/api/v1/setting/api_key_setting.go:154	xixi
[github.com/flipped-aurora/gin-vue-admin/server]2023/03/15 - 22:02:16.330	[31merror[0m	/Users/diode/zhiku/gin-vue-admin/server/core/server.go:48	accept tcp [::]:8888: use of closed network connection
[github.com/flipped-aurora/gin-vue-admin/server]2023/03/15 - 22:02:17.303	[31merror[0m	/Users/diode/zhiku/gin-vue-admin/server/middleware/jwt.go:22	xixi111
[github.com/flipped-aurora/gin-vue-admin/server]2023/03/15 - 22:02:17.304	[31merror[0m	/Users/diode/zhiku/gin-vue-admin/server/middleware/casbin_rbac.go:18	xixi222
[github.com/flipped-aurora/gin-vue-admin/server]2023/03/15 - 22:02:17.304	[31merror[0m	/Users/diode/zhiku/gin-vue-admin/server/middleware/jwt.go:22	xixi111
[github.com/flipped-aurora/gin-vue-admin/server]2023/03/15 - 22:02:17.304	[31merror[0m	/Users/diode/zhiku/gin-vue-admin/server/middleware/casbin_rbac.go:18	xixi222
[github.com/flipped-aurora/gin-vue-admin/server]2023/03/15 - 22:02:44.739	[31merror[0m	/Users/diode/zhiku/gin-vue-admin/server/api/v1/setting/api_key_setting.go:154	xixi
[github.com/flipped-aurora/gin-vue-admin/server]2023/03/15 - 22:02:55.962	[31merror[0m	/Users/diode/zhiku/gin-vue-admin/server/core/server.go:48	accept tcp [::]:8888: use of closed network connection
[github.com/flipped-aurora/gin-vue-admin/server]2023/03/15 - 22:09:25.294	[31merror[0m	/Users/diode/zhiku/gin-vue-admin/server/api/v1/setting/api_key_setting.go:178	获取失败!	{"error": "Error 1146: Table 'zhiku.api_key_setting' doesn't exist"}
[github.com/flipped-aurora/gin-vue-admin/server]2023/03/15 - 22:09:29.154	[31merror[0m	/Users/diode/zhiku/gin-vue-admin/server/api/v1/setting/api_key_setting.go:178	获取失败!	{"error": "Error 1146: Table 'zhiku.api_key_setting' doesn't exist"}
[github.com/flipped-aurora/gin-vue-admin/server]2023/03/15 - 22:09:38.243	[31merror[0m	/Users/diode/zhiku/gin-vue-admin/server/core/server.go:48	accept tcp [::]:8888: use of closed network connection
[github.com/flipped-aurora/gin-vue-admin/server]2023/03/15 - 22:52:48.292	[31merror[0m	/Users/diode/zhiku/gin-vue-admin/server/core/server.go:48	accept tcp [::]:8888: use of closed network connection
[github.com/flipped-aurora/gin-vue-admin/server]2023/03/15 - 23:13:16.885	[31merror[0m	/Users/diode/zhiku/gin-vue-admin/server/api/v1/system/sys_api.go:209	删除失败!	{"error": "/setting/useApiKeySetting:POSTcasbin同步清理失败"}
[github.com/flipped-aurora/gin-vue-admin/server]2023/03/15 - 23:13:20.866	[31merror[0m	/Users/diode/zhiku/gin-vue-admin/server/api/v1/system/sys_api.go:71	删除失败!	{"error": "record not found"}
[github.com/flipped-aurora/gin-vue-admin/server]2023/03/15 - 23:15:33.279	[31merror[0m	/Users/diode/zhiku/gin-vue-admin/server/core/server.go:48	accept tcp [::]:8888: use of closed network connection
[github.com/flipped-aurora/gin-vue-admin/server]2023/03/15 - 23:16:33.331	[31merror[0m	/Users/diode/zhiku/gin-vue-admin/server/core/server.go:48	accept tcp [::]:8888: use of closed network connection
[github.com/flipped-aurora/gin-vue-admin/server]2023/03/15 - 23:16:34.954	[31merror[0m	/Users/diode/zhiku/gin-vue-admin/server/core/server.go:48	accept tcp [::]:8888: use of closed network connection
[github.com/flipped-aurora/gin-vue-admin/server]2023/03/15 - 23:22:37.186	[31merror[0m	/Users/diode/zhiku/gin-vue-admin/server/core/server.go:48	accept tcp [::]:8888: use of closed network connection
[github.com/flipped-aurora/gin-vue-admin/server]2023/03/15 - 23:23:34.551	[31merror[0m	/Users/diode/zhiku/gin-vue-admin/server/core/server.go:48	accept tcp [::]:8888: use of closed network connection
[github.com/flipped-aurora/gin-vue-admin/server]2023/03/15 - 23:24:57.473	[31merror[0m	/Users/diode/zhiku/gin-vue-admin/server/core/server.go:48	accept tcp [::]:8888: use of closed network connection
[github.com/flipped-aurora/gin-vue-admin/server]2023/03/15 - 23:26:24.691	[31merror[0m	/Users/diode/zhiku/gin-vue-admin/server/core/server.go:48	accept tcp [::]:8888: use of closed network connection
[github.com/flipped-aurora/gin-vue-admin/server]2023/03/15 - 23:27:49.976	[31merror[0m	/Users/diode/zhiku/gin-vue-admin/server/core/server.go:48	accept tcp [::]:8888: use of closed network connection
[github.com/flipped-aurora/gin-vue-admin/server]2023/03/15 - 23:59:47.700	[31merror[0m	/Users/diode/zhiku/gin-vue-admin/server/core/server.go:48	accept tcp [::]:8888: use of closed network connection
